---- SSH setup ----
Resolving hostnames...
# Host beaglebone.local found: line 3
/home/bruno/.ssh/known_hosts updated.
Original contents retained as /home/bruno/.ssh/known_hosts.old
Hostnames resolved.

---- Setup remote Wi-Fi ----
Type your user password.

Configuring host's IP tables...
Host's IP tables successfully configured.

Configuring remote route...
Default password is: temppwd
The authenticity of host 'beaglebone.local (192.168.6.2)' can't be established.
ECDSA key fingerprint is SHA256:ySBr8HrfjTgV7N/KFfjubC8AtxkMyaxtSkOvRzAgl7w.
Are you sure you want to continue connecting (yes/no)? yes
Warning: Permanently added 'beaglebone.local,192.168.6.2' (ECDSA) to the list of known hosts.
debian@beaglebone.local's password: 
[sudo] password for debian: 
SIOCADDRT: File exists
Connection to beaglebone.local closed.
Remote route sucessfully configured.

---- Deploy files ----
Changing remote deploy directory permissions...
Default password is: temppwd
debian@beaglebone.local's password: 
Permission denied, please try again.
debian@beaglebone.local's password: 
[sudo] password for debian: 
Sorry, try again.
[sudo] password for debian: 
Connection to beaglebone.local closed.
Permissions sucessfully changed.

Deploying files...
Default password is: temppwd
debian@beaglebone.local's password:     
Files deployed.

---- Remote script ----
Changing remote deploy script permissions...
Default password is: temppwd
debian@beaglebone.local's password: 
[sudo] password for debian: 
Connection to beaglebone.local closed.
Permissions sucessfully changed.

Executing remote deploy script as root...
Default password is: temppwd

debian@beaglebone.local's password: 
[sudo] password for debian: 

---- Overlays ----
Installing overlays...
/lib/firmware/PRU0-00A0.dtbo: Warning (unit_address_vs_reg): Node /fragment@0 has a unit name, but no reg property
/lib/firmware/PRU0-00A0.dtbo: Warning (unit_address_vs_reg): Node /fragment@1 has a unit name, but no reg property
/lib/firmware/PRU1-00A0.dtbo: Warning (unit_address_vs_reg): Node /fragment@0 has a unit name, but no reg property
/lib/firmware/PRU1-00A0.dtbo: Warning (unit_address_vs_reg): Node /fragment@1 has a unit name, but no reg property
/lib/firmware/ENCODER-00A0.dtbo: Warning (unit_address_vs_reg): Node /fragment@0 has a unit name, but no reg property
/lib/firmware/ENCODER-00A0.dtbo: Warning (unit_address_vs_reg): Node /fragment@1 has a unit name, but no reg property
/lib/firmware/DISPLAY-00A0.dtbo: Warning (unit_address_vs_reg): Node /fragment@0 has a unit name, but no reg property
/lib/firmware/DISPLAY-00A0.dtbo: Warning (unit_address_vs_reg): Node /fragment@1 has a unit name, but no reg property
/lib/firmware/DISPLAY-00A0.dtbo: Warning (unit_address_vs_reg): Node /fragment@2 has a unit name, but no reg property
/lib/firmware/SGX-00A0.dtbo: Warning (unit_address_vs_reg): Node /fragment@0 has a unit name, but no reg property
Overlays sucessfully installed.

---- Services ----
Installing bootloader services...
Created symlink /etc/systemd/system/multi-user.target.wants/stomploader.service → /lib/systemd/system/stomploader.service.
Bootloader services successfully installed.

---- Scope application ----
Installing the Scope application...
Scope application successfully installed.

---- Userspace libaries ----
Installing userspace libraries...
Userspace libraries successfully installed.

---- X11 server ----
Updating packages list...
Ign:1 http://deb.debian.org/debian stretch InRelease
Get:2 http://deb.debian.org/debian stretch-updates InRelease [91.0 kB]
Get:3 http://deb.debian.org/debian-security stretch/updates InRelease [94.3 kB]
Get:4 http://repos.rcn-ee.com/debian stretch InRelease [3058 B]                                               
Get:5 http://deb.debian.org/debian stretch Release [118 kB]                                                   
Get:6 http://deb.debian.org/debian stretch Release.gpg [2434 B]
Get:7 http://deb.debian.org/debian stretch-updates/main armhf Packages [5436 B]
Get:8 http://deb.debian.org/debian-security stretch/updates/main armhf Packages [560 kB]
Get:9 http://deb.debian.org/debian-security stretch/updates/non-free armhf Packages [1208 B]
Get:10 http://deb.debian.org/debian-security stretch/updates/contrib armhf Packages [1762 B]
Get:11 http://repos.rcn-ee.com/debian stretch/main armhf Packages [793 kB]     
Get:12 http://deb.debian.org/debian stretch/contrib armhf Packages [49.6 kB]
Get:13 http://deb.debian.org/debian stretch/main armhf Packages [9262 kB]
Get:14 http://deb.debian.org/debian stretch/non-free armhf Packages [71.2 kB]                                                                 
Fetched 11.1 MB in 347d 6h 18min 18s (0 B/s)                                                                                                  
Reading package lists... Done
Packages list successfully updated.

Installing 'xinit' package...
Reading package lists... Done
Building dependency tree       
Reading state information... Done
The following NEW packages will be installed:
  xinit
0 upgraded, 1 newly installed, 0 to remove and 225 not upgraded.
Need to get 47.4 kB of archives.
After this operation, 79.9 kB of additional disk space will be used.
Get:1 http://deb.debian.org/debian stretch/main armhf xinit armhf 1.3.4-3+b1 [47.4 kB]
Fetched 47.4 kB in 0s (64.2 kB/s)            
perl: warning: Setting locale failed.
perl: warning: Please check that your locale settings:
	LANGUAGE = (unset),
	LC_ALL = (unset),
	LC_TIME = "pt_BR.UTF-8",
	LC_MONETARY = "pt_BR.UTF-8",
	LC_CTYPE = "pt_BR.UTF-8",
	LC_ADDRESS = "pt_BR.UTF-8",
	LC_TELEPHONE = "pt_BR.UTF-8",
	LC_NAME = "pt_BR.UTF-8",
	LC_MEASUREMENT = "pt_BR.UTF-8",
	LC_IDENTIFICATION = "pt_BR.UTF-8",
	LC_NUMERIC = "pt_BR.UTF-8",
	LC_PAPER = "pt_BR.UTF-8",
	LANG = "en_US.UTF-8"
    are supported and installed on your system.
perl: warning: Falling back to a fallback locale ("en_US.UTF-8").
locale: Cannot set LC_CTYPE to default locale: No such file or directory
locale: Cannot set LC_ALL to default locale: No such file or directory
Selecting previously unselected package xinit.
(Reading database ... 74033 files and directories currently installed.)
Preparing to unpack .../xinit_1.3.4-3+b1_armhf.deb ...
Unpacking xinit (1.3.4-3+b1) ...
Setting up xinit (1.3.4-3+b1) ...
Package successfully installed.

Installing X11 configuration file and scripts...
X11 server successfully configured.

Default password: temppwd
Connection to beaglebone.local closed by remote host.
Connection to beaglebone.local closed.

